11716
97148
3642
45025
95328
19773
61898
3785
441
49916
2020
83098
83366
57216
45566
11192
58583
40704
92205
64605
51187
19440
78325
1033
77186
49560
86833
73420
77012
62120
35876
7849
20032
98081
32348
3664
9998
17013
76454
53869
36742
68843
90524
17637
38876
18282
71560
90984
65894
4156
61852
33683
40896
70158
40684
9200
44536
57165
91518
33969
91214
37548
28741
5242
69271
1986
42017
70436
2400
10256
895
44173
80956
72116
94700
3714
8120
55872
70706
42976
2024
10089
37387
56809
59659
72714
41734
58960
34990
65035
768
99510
73832
92852
83537
70676
79952
10634
36594
70936
83147
17819
88185
98596
95752
75244
69558
10633
46434
14319
32571
23065
53526
44118
37575
99499
4460
80090
972
6376
61245
10334
44116
96534
22318
77130
65677
82762
68541
24679
12441
76985
7235
86442
41748
6110
43180
81968
45232
79063
76974
20594
53483
79052
96598
83257
54053
14430
45597
67913
16219
88143
47331
28669
48623
95620
62529
50097
7580
79477
65651
65909
52271
640
45395
40536
64148
76379
5162
47867
12055
54339
3497
52514
94573
40286
5956
48772
21524
5284
22524
53082
72545
32704
33890
99296
94686
51808
26996
50818
1046
24034
86270
36996
89645
99087
56852
28321
98359
4718
3
52187
61630
70333
17768
68961
94651
3497
19768
24589
46449
72899
43217
77346
86941
71142
57909
23763
73373
17066
29488
61656
28172
61518
89996
70116
43316
6371
49849
27560
6879
65504
22757
89424
69608
33752
85418
2812
49591
79476
47421
98008
27982
76041
60608
96313
58039
67428
98696
40226
87040
16550
77228
44597
13608
9108
69026
88428
11461
19120
98731
78548
86180
51983
18592
1880
7507
75966
59890
20450
39671
79437
90537
23287
29631
8953
33546
9778
45879
89945
90214
10175
98340
80568
38860
22890
54690
83840
85819
14345
55073
64296
67875
580
75762
59670
803
59735
36868
75245
95379
12533
68995
86560
57672
10000
11300
15384
29272
97300
34830
66000
24070
80000
86930
40824
13340
29690
20167
39064
53822
8623
64456
89504
40710
70829
36325
71175
83754
78430
68222
42595
78801
6880
83769
10672
34173
15430
29989
77206
99529
49990
13730
72979
86062
83113
24924
82857
83023
92994
65520
74570
53840
88609
19513
21843
61570
51512
60881
42608
55980
5437
12107
32454
91309
45986
4683
74060
39847
92818
43780
90556
74050
54046
3103
54618
321
80070
98461
13682
32193
58463
29442
78500
64609
89130
42763
51257
22607
54725
98776
40916
44803
79124
85454
46572
2988
47839
2052
57034
76908
41222
29432
30623
62094
50125
33945
99878
48544
80736
89838
79882
30489
78057
79511
69327
4558
7490
29536
652
55349
34424
83635
55469
24722
80569
92516
27173
56160
13386
41411
36020
64534
54529
50445
76899
71215
95210
91726
15378
48376
57289
95013
64319
44903
78572
21033
49027
45928
33101
63318
58163
98796
70523
89725
11716
58407
9427
67466
49645
51925
47641
77226
84832
49604
9274
58041
58983
24944
88985
37047
61867
5100
87632
62532
75496
95372
51662
91919
74745
41907
84026
95032
8846
90903
4552
86416
26824
34704
60644
4143
1762
22422
4514
57500
62132
61054
17748
75424
68624
82100
42767
41385
49246
77623
52392
18394
13943
52362
37411
23671
80334
58440
99138
83463
31055
14556
51487
78292
34527
90755
55544
58274
25864
95197
18002
87989
84271
92283
44731
3782
21112
60327
74191
16794
46927
17499
46514
75592
8112
28213
86168
83453
29156
53152
96063
12665
26576
17821
74345
17534
69294
81076
73465
51731
69180
18188
74470
71157
27569
18450
43449
4572
18864
8159
46070
95782
64028
13933
60175
63475
31094
27516
75960
33431
61261
82080
52042
41848
14432
80760
29169
98937
34222
15353
6593
12034
16004
77442
86252
88596
99936
5872
67408
44687
60530
30104
21742
86050
65896
38961
1583
96855
25183
93160
10080
66181
17999
28233
71485
34095
7246
87312
20599
66611
94163
30520
21109
72062
78852
55332
27055
64780
15336
43060
63762
80208
43520
82356
60194
20364
53345
66147
13142
7790
63200
47005
60046
56344
79967
21090
58760
15910
28545
92590
24701
1308
30049
29149
94388
31695
96196
88946
76974
93914
64528
91402
44683
16764
42265
51944
32534
4078
59534
32379
85637
31979
15056
99736
19966
25000
44305
15758
69160
24595
74960
92994
37256
46049
55041
22532
80618
88824
80290
46112
27965
95029
24179
97280
44627
6428
13181
90971
31326
74070
99333
90380
129
74885
33958
86361
1872
95124
98382
33057
63730
28016
34661
28698
60980
34031
47444
42930
2708
21804
26535
54388
23593
5875
11934
75820
50460
49871
88659
8293
21096
55946
49964
42094
3880
760
38952
40464
48884
87360
2401
87381
77660
23748
39170
30914
40140
2029
74143
59860
71494
77984
43160
84352
99542
29556
45562
90088
21528
10648
45208
39004
49354
52899
39322
12416
60953
52147
48222
86070
15093
66150
42295
89452
14618
60059
67864
93335
99819
12218
46840
61848
85091
2819
55803
80068
27338
84952
28420
89399
22136
97504
57868
61542
40672
41003
36564
30000
74763
97610
43042
48828
72576
65470
87254
95024
7168
19480
48608
55296
68793
7144
98562
43528
19529
77906
42986
97813
92544
66198
3855
3392
90299
47904
15135
58972
38386
3200
53824
34129
84089
33801
57834
19231
92525
53400
63468
387
60040
58262
18332
32490
52272
47553
7445
85777
84694
36904
76340
47962
79050
52610
45522
80308
90758
45254
97095
11200
47200
26140
24427
88608
48738
90544
66361
27388
87024
79333
89408
95985
15481
82986
7083
6865
8884
16260
48787
1589
51012
41788
16123
71375
16147
28955
39573
72226
32321
11923
86393
52655
70494
43031
21632
20594
31588
86512
35202
24992
83020
16834
62746
52158
7418
55113
52227
54643
17795
5038
94620
79012
51882
25430
411
91557
20565
47710
69850
38901
19581
36546
95178
98016
49241
3228
68972
15021
49459
25319
99534
31384
14249
67239
78864
99734
75101
50380
82364
11754
31181
79050
3811
98816
75595
61618
7593
40056
65772
30388
35367
89940
82787
23266
59907
2617
36964
52763
4472
51112
97254
5938
20830
89140
10743
80611
45476
86976
42191
67986
63410
91136
64112
30065
4397
2512
30756
31330
21187
82715
86935
1210
12435
17675
59840
42639
82066
51076
18924
39967
25081
97472
78678
31824
6296
2864
28953
8774
47726
7605
54090
47266
93504
63504
76416
64936
95109
58454
83201
85203
96834
130
17822
81056
49576
66240
28956
83044
68840
37090
73058
62182
87798
84978
25474
76448
